2023-04-02 21:32:03.793924 - Initialized conversion of CBT095
2023-04-02 21:32:05.055296 - Received CBT.V504.FILE095.PDS from FILE095.XMI 
2023-04-02 21:32:05.058670 - Found $$$$LIST.txt (text/plain) in CBT.V504.FILE095.PDS, moved to PDS/$$$$LIST
2023-04-02 21:32:05.059688 - Found $$$$UPDT.txt (text/plain) in CBT.V504.FILE095.PDS, moved to PDS/$$$$UPDT
2023-04-02 21:32:05.060906 - Found $$$#DATE.txt (text/plain) in CBT.V504.FILE095.PDS, moved to PDS/$$$#DATE
2023-04-02 21:32:05.062520 - Found $$$READ.txt (text/plain) in CBT.V504.FILE095.PDS, moved to PDS/$$$READ
2023-04-02 21:32:05.064042 - Found $BASIC.txt (text/plain) in CBT.V504.FILE095.PDS, moved to PDS/$BASIC
2023-04-02 21:32:05.065596 - Found $CHANGES.txt (text/plain) in CBT.V504.FILE095.PDS, moved to PDS/$CHANGES
2023-04-02 21:32:05.066768 - Found $DESCRPT.txt (text/plain) in CBT.V504.FILE095.PDS, moved to PDS/$DESCRPT
2023-04-02 21:32:05.068021 - Found $DOC.txt (text/plain) in CBT.V504.FILE095.PDS, moved to PDS/$DOC
2023-04-02 21:32:05.069043 - Found $EXAMPLE.txt (text/plain) in CBT.V504.FILE095.PDS, moved to PDS/$EXAMPLE
2023-04-02 21:32:05.070016 - Found $SAMPJCL.txt (text/plain) in CBT.V504.FILE095.PDS, moved to PDS/$SAMPJCL
2023-04-02 21:32:05.070965 - Found $SETUP.txt (text/plain) in CBT.V504.FILE095.PDS, moved to PDS/$SETUP
2023-04-02 21:32:05.071959 - Found $SHARE.txt (text/plain) in CBT.V504.FILE095.PDS, moved to PDS/$SHARE
2023-04-02 21:32:05.072991 - Found #ASMBOX.txt (text/plain) in CBT.V504.FILE095.PDS, moved to PDS/#ASMBOX
2023-04-02 21:32:05.073959 - Found #B.txt (text/plain) in CBT.V504.FILE095.PDS, moved to PDS/#B
2023-04-02 21:32:05.075072 - Found #BIG.txt (text/plain) in CBT.V504.FILE095.PDS, moved to PDS/#BIG
2023-04-02 21:32:05.076360 - Found #BIGS.txt (text/plain) in CBT.V504.FILE095.PDS, moved to PDS/#BIGS
2023-04-02 21:32:05.077467 - Found #BLDCOPY.txt (text/plain) in CBT.V504.FILE095.PDS, moved to PDS/#BLDCOPY
2023-04-02 21:32:05.079145 - Found #BRODPNL.txt (text/plain) in CBT.V504.FILE095.PDS, moved to PDS/#BRODPNL
2023-04-02 21:32:05.080400 - Found #CENTER.txt (text/plain) in CBT.V504.FILE095.PDS, moved to PDS/#CENTER
2023-04-02 21:32:05.081975 - Found #CHGALL.txt (text/plain) in CBT.V504.FILE095.PDS, moved to PDS/#CHGALL
2023-04-02 21:32:05.083503 - Found #CLISTBO.txt (text/plain) in CBT.V504.FILE095.PDS, moved to PDS/#CLISTBO
2023-04-02 21:32:05.084905 - Found #CLONE.txt (text/plain) in CBT.V504.FILE095.PDS, moved to PDS/#CLONE
2023-04-02 21:32:05.086183 - Found #COBBOX.txt (text/plain) in CBT.V504.FILE095.PDS, moved to PDS/#COBBOX
2023-04-02 21:32:05.087526 - Found #COMMENT.txt (text/plain) in CBT.V504.FILE095.PDS, moved to PDS/#COMMENT
2023-04-02 21:32:05.088624 - Found #COMPRES.txt (text/plain) in CBT.V504.FILE095.PDS, moved to PDS/#COMPRES
2023-04-02 21:32:05.089676 - Found #CONLY.txt (text/plain) in CBT.V504.FILE095.PDS, moved to PDS/#CONLY
2023-04-02 21:32:05.090753 - Found #CONT.txt (text/plain) in CBT.V504.FILE095.PDS, moved to PDS/#CONT
2023-04-02 21:32:05.091833 - Found #CONTROL.txt (text/plain) in CBT.V504.FILE095.PDS, moved to PDS/#CONTROL
2023-04-02 21:32:05.092926 - Found #CUT.txt (text/plain) in CBT.V504.FILE095.PDS, moved to PDS/#CUT
2023-04-02 21:32:05.093933 - Found #CUTTO.txt (text/plain) in CBT.V504.FILE095.PDS, moved to PDS/#CUTTO
2023-04-02 21:32:05.095061 - Found #D.txt (text/plain) in CBT.V504.FILE095.PDS, moved to PDS/#D
2023-04-02 21:32:05.096210 - Found #DELCUT.txt (text/plain) in CBT.V504.FILE095.PDS, moved to PDS/#DELCUT
2023-04-02 21:32:05.097325 - Found #DELDUPS.txt (text/plain) in CBT.V504.FILE095.PDS, moved to PDS/#DELDUPS
2023-04-02 21:32:05.098424 - Found #DSIGENP.txt (text/plain) in CBT.V504.FILE095.PDS, moved to PDS/#DSIGENP
2023-04-02 21:32:05.099542 - Found #DSIGENS.txt (text/plain) in CBT.V504.FILE095.PDS, moved to PDS/#DSIGENS
2023-04-02 21:32:05.101048 - Found #E.txt (text/plain) in CBT.V504.FILE095.PDS, moved to PDS/#E
2023-04-02 21:32:05.102057 - Found #EXIT.txt (text/plain) in CBT.V504.FILE095.PDS, moved to PDS/#EXIT
2023-04-02 21:32:05.103059 - Found #FC.txt (text/plain) in CBT.V504.FILE095.PDS, moved to PDS/#FC
2023-04-02 21:32:05.104057 - Found #FIXJCL.txt (text/plain) in CBT.V504.FILE095.PDS, moved to PDS/#FIXJCL
2023-04-02 21:32:05.105017 - Found #FMEMD00.txt (text/plain) in CBT.V504.FILE095.PDS, moved to PDS/#FMEMD00
2023-04-02 21:32:05.105972 - Found #FMEMD01.txt (text/plain) in CBT.V504.FILE095.PDS, moved to PDS/#FMEMD01
2023-04-02 21:32:05.107002 - Found #FMEMD02.txt (text/plain) in CBT.V504.FILE095.PDS, moved to PDS/#FMEMD02
2023-04-02 21:32:05.107936 - Found #INIT.txt (text/plain) in CBT.V504.FILE095.PDS, moved to PDS/#INIT
2023-04-02 21:32:05.108849 - Found #INITIAL.txt (text/plain) in CBT.V504.FILE095.PDS, moved to PDS/#INITIAL
2023-04-02 21:32:05.108861 - Found #ISPUCMB.bin containing application/octet-stream, moved to PDS/#ISPUCMB
2023-04-02 21:32:05.110660 - Found #JC.txt (text/plain) in CBT.V504.FILE095.PDS, moved to PDS/#JC
2023-04-02 21:32:05.111660 - Found #JCLBOX.txt (text/plain) in CBT.V504.FILE095.PDS, moved to PDS/#JCLBOX
2023-04-02 21:32:05.112605 - Found #JC2.txt (text/plain) in CBT.V504.FILE095.PDS, moved to PDS/#JC2
2023-04-02 21:32:05.113545 - Found #LCASE.txt (text/plain) in CBT.V504.FILE095.PDS, moved to PDS/#LCASE
2023-04-02 21:32:05.114455 - Found #LJUST.txt (text/plain) in CBT.V504.FILE095.PDS, moved to PDS/#LJUST
2023-04-02 21:32:05.115384 - Found #MACHELP.txt (text/plain) in CBT.V504.FILE095.PDS, moved to PDS/#MACHELP
2023-04-02 21:32:05.116290 - Found #MACLIST.txt (text/plain) in CBT.V504.FILE095.PDS, moved to PDS/#MACLIST
2023-04-02 21:32:05.117176 - Found #MEMLIST.txt (text/plain) in CBT.V504.FILE095.PDS, moved to PDS/#MEMLIST
2023-04-02 21:32:05.118032 - Found #MODEL.txt (text/plain) in CBT.V504.FILE095.PDS, moved to PDS/#MODEL
2023-04-02 21:32:05.118043 - Found #MOVECOL.bin containing application/octet-stream, moved to PDS/#MOVECOL
2023-04-02 21:32:05.119989 - Found #MSTATS.txt (text/plain) in CBT.V504.FILE095.PDS, moved to PDS/#MSTATS
2023-04-02 21:32:05.120885 - Found #NEWLINE.txt (text/plain) in CBT.V504.FILE095.PDS, moved to PDS/#NEWLINE
2023-04-02 21:32:05.121792 - Found #ONLY.txt (text/plain) in CBT.V504.FILE095.PDS, moved to PDS/#ONLY
2023-04-02 21:32:05.122687 - Found #PASTE.txt (text/plain) in CBT.V504.FILE095.PDS, moved to PDS/#PASTE
2023-04-02 21:32:05.123619 - Found #PBOX.txt (text/plain) in CBT.V504.FILE095.PDS, moved to PDS/#PBOX
2023-04-02 21:32:05.124648 - Found #PFCAN.txt (text/plain) in CBT.V504.FILE095.PDS, moved to PDS/#PFCAN
2023-04-02 21:32:05.125743 - Found #PFSET.txt (text/plain) in CBT.V504.FILE095.PDS, moved to PDS/#PFSET
2023-04-02 21:32:05.126776 - Found #PRTIT.txt (text/plain) in CBT.V504.FILE095.PDS, moved to PDS/#PRTIT
2023-04-02 21:32:05.127798 - Found #QCREATE.txt (text/plain) in CBT.V504.FILE095.PDS, moved to PDS/#QCREATE
2023-04-02 21:32:05.128811 - Found #QREP.txt (text/plain) in CBT.V504.FILE095.PDS, moved to PDS/#QREP
2023-04-02 21:32:05.129759 - Found #RCOLDEL.txt (text/plain) in CBT.V504.FILE095.PDS, moved to PDS/#RCOLDEL
2023-04-02 21:32:05.130768 - Found #RCOLS.txt (text/plain) in CBT.V504.FILE095.PDS, moved to PDS/#RCOLS
2023-04-02 21:32:05.131776 - Found #REPOTHE.txt (text/plain) in CBT.V504.FILE095.PDS, moved to PDS/#REPOTHE
2023-04-02 21:32:05.132785 - Found #RJUST.txt (text/plain) in CBT.V504.FILE095.PDS, moved to PDS/#RJUST
2023-04-02 21:32:05.133688 - Found #RNAME.txt (text/plain) in CBT.V504.FILE095.PDS, moved to PDS/#RNAME
2023-04-02 21:32:05.134572 - Found #S.txt (text/plain) in CBT.V504.FILE095.PDS, moved to PDS/#S
2023-04-02 21:32:05.135530 - Found #SEPLINE.txt (text/plain) in CBT.V504.FILE095.PDS, moved to PDS/#SEPLINE
2023-04-02 21:32:05.136623 - Found #SHOWCT2.txt (text/plain) in CBT.V504.FILE095.PDS, moved to PDS/#SHOWCT2
2023-04-02 21:32:05.137525 - Found #SHOWCUT.txt (text/plain) in CBT.V504.FILE095.PDS, moved to PDS/#SHOWCUT
2023-04-02 21:32:05.138504 - Found #SHOWDCB.txt (text/plain) in CBT.V504.FILE095.PDS, moved to PDS/#SHOWDCB
2023-04-02 21:32:05.139431 - Found #SHOWFLO.txt (text/plain) in CBT.V504.FILE095.PDS, moved to PDS/#SHOWFLO
2023-04-02 21:32:05.140330 - Found #SHOWMAC.txt (text/plain) in CBT.V504.FILE095.PDS, moved to PDS/#SHOWMAC
2023-04-02 21:32:05.141250 - Found #SLINE.txt (text/plain) in CBT.V504.FILE095.PDS, moved to PDS/#SLINE
2023-04-02 21:32:05.142156 - Found #SORTDUP.txt (text/plain) in CBT.V504.FILE095.PDS, moved to PDS/#SORTDUP
2023-04-02 21:32:05.143237 - Found #ST.txt (text/plain) in CBT.V504.FILE095.PDS, moved to PDS/#ST
2023-04-02 21:32:05.144238 - Found #STAMP.txt (text/plain) in CBT.V504.FILE095.PDS, moved to PDS/#STAMP
2023-04-02 21:32:05.145205 - Found #ST2.txt (text/plain) in CBT.V504.FILE095.PDS, moved to PDS/#ST2
2023-04-02 21:32:05.146176 - Found #ST3.txt (text/plain) in CBT.V504.FILE095.PDS, moved to PDS/#ST3
2023-04-02 21:32:05.147168 - Found #ST4.txt (text/plain) in CBT.V504.FILE095.PDS, moved to PDS/#ST4
2023-04-02 21:32:05.148124 - Found #ST5.txt (text/plain) in CBT.V504.FILE095.PDS, moved to PDS/#ST5
2023-04-02 21:32:05.149113 - Found #SUM.txt (text/plain) in CBT.V504.FILE095.PDS, moved to PDS/#SUM
2023-04-02 21:32:05.150017 - Found #SUPERT.txt (text/plain) in CBT.V504.FILE095.PDS, moved to PDS/#SUPERT
2023-04-02 21:32:05.151086 - Found #T.txt (text/plain) in CBT.V504.FILE095.PDS, moved to PDS/#T
2023-04-02 21:32:05.152329 - Found #TJ.txt (text/plain) in CBT.V504.FILE095.PDS, moved to PDS/#TJ
2023-04-02 21:32:05.153362 - Found #TYPE.txt (text/plain) in CBT.V504.FILE095.PDS, moved to PDS/#TYPE
2023-04-02 21:32:05.154310 - Found #UCASE.txt (text/plain) in CBT.V504.FILE095.PDS, moved to PDS/#UCASE
2023-04-02 21:32:05.155308 - Found #UNSEP.txt (text/plain) in CBT.V504.FILE095.PDS, moved to PDS/#UNSEP
2023-04-02 21:32:05.156311 - Found #XCOPY.txt (text/plain) in CBT.V504.FILE095.PDS, moved to PDS/#XCOPY
2023-04-02 21:32:05.157264 - Found #XSEND.txt (text/plain) in CBT.V504.FILE095.PDS, moved to PDS/#XSEND
2023-04-02 21:32:05.158246 - Found @FILE095.txt (text/plain) in CBT.V504.FILE095.PDS, moved to PDS/@FILE095
2023-04-02 21:32:05.159225 - Found ADDCMDS.txt (text/plain) in CBT.V504.FILE095.PDS, moved to PDS/ADDCMDS
2023-04-02 21:32:05.160161 - Found ASMBOX.txt (text/plain) in CBT.V504.FILE095.PDS, moved to PDS/ASMBOX
2023-04-02 21:32:05.161236 - Found B.txt (text/plain) in CBT.V504.FILE095.PDS, moved to PDS/B
2023-04-02 21:32:05.162222 - Found BIG.txt (text/plain) in CBT.V504.FILE095.PDS, moved to PDS/BIG
2023-04-02 21:32:05.163254 - Found BIGS.txt (text/plain) in CBT.V504.FILE095.PDS, moved to PDS/BIGS
2023-04-02 21:32:05.164273 - Found BLDCOPY.txt (text/plain) in CBT.V504.FILE095.PDS, moved to PDS/BLDCOPY
2023-04-02 21:32:05.165321 - Found BRODMAC.txt (text/plain) in CBT.V504.FILE095.PDS, moved to PDS/BRODMAC
2023-04-02 21:32:05.166282 - Found BRODMACD.txt (text/plain) in CBT.V504.FILE095.PDS, moved to PDS/BRODMACD
2023-04-02 21:32:05.167229 - Found BRODMACI.txt (text/plain) in CBT.V504.FILE095.PDS, moved to PDS/BRODMACI
2023-04-02 21:32:05.168228 - Found BRODMACR.txt (text/plain) in CBT.V504.FILE095.PDS, moved to PDS/BRODMACR
2023-04-02 21:32:05.169153 - Found BRODMACU.txt (text/plain) in CBT.V504.FILE095.PDS, moved to PDS/BRODMACU
2023-04-02 21:32:05.170100 - Found BRODREST.txt (text/plain) in CBT.V504.FILE095.PDS, moved to PDS/BRODREST
2023-04-02 21:32:05.171069 - Found BRODUPDR.txt (text/plain) in CBT.V504.FILE095.PDS, moved to PDS/BRODUPDR
2023-04-02 21:32:05.172215 - Found BRODUPDT.txt (text/plain) in CBT.V504.FILE095.PDS, moved to PDS/BRODUPDT
2023-04-02 21:32:05.173260 - Found CENTER.txt (text/plain) in CBT.V504.FILE095.PDS, moved to PDS/CENTER
2023-04-02 21:32:05.174284 - Found CHGALL.txt (text/plain) in CBT.V504.FILE095.PDS, moved to PDS/CHGALL
2023-04-02 21:32:05.175393 - Found CLISTBOX.txt (text/plain) in CBT.V504.FILE095.PDS, moved to PDS/CLISTBOX
2023-04-02 21:32:05.176377 - Found CLONE.txt (text/plain) in CBT.V504.FILE095.PDS, moved to PDS/CLONE
2023-04-02 21:32:05.177282 - Found CLONEP.txt (text/plain) in CBT.V504.FILE095.PDS, moved to PDS/CLONEP
2023-04-02 21:32:05.178174 - Found CLONES.txt (text/plain) in CBT.V504.FILE095.PDS, moved to PDS/CLONES
2023-04-02 21:32:05.179105 - Found CMDS.txt (text/plain) in CBT.V504.FILE095.PDS, moved to PDS/CMDS
2023-04-02 21:32:05.180115 - Found CMDUPDT1.txt (text/plain) in CBT.V504.FILE095.PDS, moved to PDS/CMDUPDT1
2023-04-02 21:32:05.181019 - Found COBBOX.txt (text/plain) in CBT.V504.FILE095.PDS, moved to PDS/COBBOX
2023-04-02 21:32:05.181913 - Found COBLCAS.txt (text/plain) in CBT.V504.FILE095.PDS, moved to PDS/COBLCAS
2023-04-02 21:32:05.182861 - Found COBSEPL.txt (text/plain) in CBT.V504.FILE095.PDS, moved to PDS/COBSEPL
2023-04-02 21:32:05.183773 - Found COBUCAS.txt (text/plain) in CBT.V504.FILE095.PDS, moved to PDS/COBUCAS
2023-04-02 21:32:05.184669 - Found COMMENTS.txt (text/plain) in CBT.V504.FILE095.PDS, moved to PDS/COMMENTS
2023-04-02 21:32:05.185560 - Found COMPRESS.txt (text/plain) in CBT.V504.FILE095.PDS, moved to PDS/COMPRESS
2023-04-02 21:32:05.186463 - Found CONLY.txt (text/plain) in CBT.V504.FILE095.PDS, moved to PDS/CONLY
2023-04-02 21:32:05.187466 - Found CONT.txt (text/plain) in CBT.V504.FILE095.PDS, moved to PDS/CONT
2023-04-02 21:32:05.188450 - Found CONTROL.txt (text/plain) in CBT.V504.FILE095.PDS, moved to PDS/CONTROL
2023-04-02 21:32:05.189438 - Found CUSTBOX.txt (text/plain) in CBT.V504.FILE095.PDS, moved to PDS/CUSTBOX
2023-04-02 21:32:05.190329 - Found CUT.txt (text/plain) in CBT.V504.FILE095.PDS, moved to PDS/CUT
2023-04-02 21:32:05.191324 - Found CUTTO.txt (text/plain) in CBT.V504.FILE095.PDS, moved to PDS/CUTTO
2023-04-02 21:32:05.192273 - Found D.txt (text/plain) in CBT.V504.FILE095.PDS, moved to PDS/D
2023-04-02 21:32:05.193190 - Found DELCUT.txt (text/plain) in CBT.V504.FILE095.PDS, moved to PDS/DELCUT
2023-04-02 21:32:05.194068 - Found DELC2.txt (text/plain) in CBT.V504.FILE095.PDS, moved to PDS/DELC2
2023-04-02 21:32:05.195065 - Found DELDUPS.txt (text/plain) in CBT.V504.FILE095.PDS, moved to PDS/DELDUPS
2023-04-02 21:32:05.196065 - Found DSIGENP.txt (text/plain) in CBT.V504.FILE095.PDS, moved to PDS/DSIGENP
2023-04-02 21:32:05.196971 - Found DSIGENS.txt (text/plain) in CBT.V504.FILE095.PDS, moved to PDS/DSIGENS
2023-04-02 21:32:05.197889 - Found E.txt (text/plain) in CBT.V504.FILE095.PDS, moved to PDS/E
2023-04-02 21:32:05.199204 - Found EDITPDS.txt (text/plain) in CBT.V504.FILE095.PDS, moved to PDS/EDITPDS
2023-04-02 21:32:05.200163 - Found EMACS.txt (text/plain) in CBT.V504.FILE095.PDS, moved to PDS/EMACS
2023-04-02 21:32:05.201110 - Found EXIT.txt (text/plain) in CBT.V504.FILE095.PDS, moved to PDS/EXIT
2023-04-02 21:32:05.202048 - Found FC.txt (text/plain) in CBT.V504.FILE095.PDS, moved to PDS/FC
2023-04-02 21:32:05.203060 - Found FIXJCL.txt (text/plain) in CBT.V504.FILE095.PDS, moved to PDS/FIXJCL
2023-04-02 21:32:05.204079 - Found HEADING.txt (text/plain) in CBT.V504.FILE095.PDS, moved to PDS/HEADING
2023-04-02 21:32:05.205038 - Found INIT.txt (text/plain) in CBT.V504.FILE095.PDS, moved to PDS/INIT
2023-04-02 21:32:05.206047 - Found INITIAL.txt (text/plain) in CBT.V504.FILE095.PDS, moved to PDS/INITIAL
2023-04-02 21:32:05.206058 - Found ISPUCMB.bin containing application/octet-stream, moved to PDS/ISPUCMB
2023-04-02 21:32:05.208064 - Found JC.txt (text/plain) in CBT.V504.FILE095.PDS, moved to PDS/JC
2023-04-02 21:32:05.208974 - Found JCLBOX.txt (text/plain) in CBT.V504.FILE095.PDS, moved to PDS/JCLBOX
2023-04-02 21:32:05.209879 - Found JOBCARD.txt (text/plain) in CBT.V504.FILE095.PDS, moved to PDS/JOBCARD
2023-04-02 21:32:05.210801 - Found LCASE.txt (text/plain) in CBT.V504.FILE095.PDS, moved to PDS/LCASE
2023-04-02 21:32:05.211702 - Found LCASEC.txt (text/plain) in CBT.V504.FILE095.PDS, moved to PDS/LCASEC
2023-04-02 21:32:05.212598 - Found LJUST.txt (text/plain) in CBT.V504.FILE095.PDS, moved to PDS/LJUST
2023-04-02 21:32:05.213640 - Found MACHELP.txt (text/plain) in CBT.V504.FILE095.PDS, moved to PDS/MACHELP
2023-04-02 21:32:05.214558 - Found MACLIST.txt (text/plain) in CBT.V504.FILE095.PDS, moved to PDS/MACLIST
2023-04-02 21:32:05.215542 - Found MEMLIST.txt (text/plain) in CBT.V504.FILE095.PDS, moved to PDS/MEMLIST
2023-04-02 21:32:05.216513 - Found MERGE.jcl (text/plain) in CBT.V504.FILE095.PDS, moved to PDS/MERGE
2023-04-02 21:32:05.217510 - Found MOVECOLS.txt (text/plain) in CBT.V504.FILE095.PDS, moved to PDS/MOVECOLS
2023-04-02 21:32:05.218449 - Found MRCLEAN.txt (text/plain) in CBT.V504.FILE095.PDS, moved to PDS/MRCLEAN
2023-04-02 21:32:05.219498 - Found MSTATS.txt (text/plain) in CBT.V504.FILE095.PDS, moved to PDS/MSTATS
2023-04-02 21:32:05.220518 - Found ONLY.txt (text/plain) in CBT.V504.FILE095.PDS, moved to PDS/ONLY
2023-04-02 21:32:05.221454 - Found OTHER.txt (text/plain) in CBT.V504.FILE095.PDS, moved to PDS/OTHER
2023-04-02 21:32:05.222383 - Found PARA.txt (text/plain) in CBT.V504.FILE095.PDS, moved to PDS/PARA
2023-04-02 21:32:05.223324 - Found PARADOC.txt (text/plain) in CBT.V504.FILE095.PDS, moved to PDS/PARADOC
2023-04-02 21:32:05.224315 - Found PASTE.txt (text/plain) in CBT.V504.FILE095.PDS, moved to PDS/PASTE
2023-04-02 21:32:05.225289 - Found PBOX.txt (text/plain) in CBT.V504.FILE095.PDS, moved to PDS/PBOX
2023-04-02 21:32:05.226178 - Found PFCAN.txt (text/plain) in CBT.V504.FILE095.PDS, moved to PDS/PFCAN
2023-04-02 21:32:05.227140 - Found PFSET.txt (text/plain) in CBT.V504.FILE095.PDS, moved to PDS/PFSET
2023-04-02 21:32:05.228130 - Found PRTIT.txt (text/plain) in CBT.V504.FILE095.PDS, moved to PDS/PRTIT
2023-04-02 21:32:05.229085 - Found QCREATE.txt (text/plain) in CBT.V504.FILE095.PDS, moved to PDS/QCREATE
2023-04-02 21:32:05.229989 - Found QREP.txt (text/plain) in CBT.V504.FILE095.PDS, moved to PDS/QREP
2023-04-02 21:32:05.230983 - Found RCOLDEL.txt (text/plain) in CBT.V504.FILE095.PDS, moved to PDS/RCOLDEL
2023-04-02 21:32:05.232065 - Found RCOLS.txt (text/plain) in CBT.V504.FILE095.PDS, moved to PDS/RCOLS
2023-04-02 21:32:05.233066 - Found REPOTHER.txt (text/plain) in CBT.V504.FILE095.PDS, moved to PDS/REPOTHER
2023-04-02 21:32:05.234083 - Found RJUST.txt (text/plain) in CBT.V504.FILE095.PDS, moved to PDS/RJUST
2023-04-02 21:32:05.235121 - Found RNAME.txt (text/plain) in CBT.V504.FILE095.PDS, moved to PDS/RNAME
2023-04-02 21:32:05.236065 - Found S.txt (text/plain) in CBT.V504.FILE095.PDS, moved to PDS/S
2023-04-02 21:32:05.237015 - Found SBOX.txt (text/plain) in CBT.V504.FILE095.PDS, moved to PDS/SBOX
2023-04-02 21:32:05.237934 - Found SCUT2.txt (text/plain) in CBT.V504.FILE095.PDS, moved to PDS/SCUT2
2023-04-02 21:32:05.238906 - Found SEPLINE.txt (text/plain) in CBT.V504.FILE095.PDS, moved to PDS/SEPLINE
2023-04-02 21:32:05.239864 - Found SHOWCUT.txt (text/plain) in CBT.V504.FILE095.PDS, moved to PDS/SHOWCUT
2023-04-02 21:32:05.240786 - Found SHOWCUT2.txt (text/plain) in CBT.V504.FILE095.PDS, moved to PDS/SHOWCUT2
2023-04-02 21:32:05.241725 - Found SHOWDCB.txt (text/plain) in CBT.V504.FILE095.PDS, moved to PDS/SHOWDCB
2023-04-02 21:32:05.242603 - Found SHOWFLOW.txt (text/plain) in CBT.V504.FILE095.PDS, moved to PDS/SHOWFLOW
2023-04-02 21:32:05.243718 - Found SHOWMACS.txt (text/plain) in CBT.V504.FILE095.PDS, moved to PDS/SHOWMACS
2023-04-02 21:32:05.244732 - Found SLINE.txt (text/plain) in CBT.V504.FILE095.PDS, moved to PDS/SLINE
2023-04-02 21:32:05.245754 - Found SORTDUPS.txt (text/plain) in CBT.V504.FILE095.PDS, moved to PDS/SORTDUPS
2023-04-02 21:32:05.246868 - Found ST.txt (text/plain) in CBT.V504.FILE095.PDS, moved to PDS/ST
2023-04-02 21:32:05.247935 - Found STAMP.txt (text/plain) in CBT.V504.FILE095.PDS, moved to PDS/STAMP
2023-04-02 21:32:05.248968 - Found STEDITY.txt (text/plain) in CBT.V504.FILE095.PDS, moved to PDS/STEDITY
2023-04-02 21:32:05.249927 - Found STEDIT2.txt (text/plain) in CBT.V504.FILE095.PDS, moved to PDS/STEDIT2
2023-04-02 21:32:05.250881 - Found SUM.txt (text/plain) in CBT.V504.FILE095.PDS, moved to PDS/SUM
2023-04-02 21:32:05.251830 - Found T.txt (text/plain) in CBT.V504.FILE095.PDS, moved to PDS/T
2023-04-02 21:32:05.252742 - Found TABLBLD.txt (text/plain) in CBT.V504.FILE095.PDS, moved to PDS/TABLBLD
2023-04-02 21:32:05.253628 - Found TEXTJOIN.txt (text/plain) in CBT.V504.FILE095.PDS, moved to PDS/TEXTJOIN
2023-04-02 21:32:05.254550 - Found TJ.txt (text/plain) in CBT.V504.FILE095.PDS, moved to PDS/TJ
2023-04-02 21:32:05.255556 - Found TYPE.txt (text/plain) in CBT.V504.FILE095.PDS, moved to PDS/TYPE
2023-04-02 21:32:05.256575 - Found TYPESET.txt (text/plain) in CBT.V504.FILE095.PDS, moved to PDS/TYPESET
2023-04-02 21:32:05.257634 - Found UCASE.txt (text/plain) in CBT.V504.FILE095.PDS, moved to PDS/UCASE
2023-04-02 21:32:05.258629 - Found UCASEC.txt (text/plain) in CBT.V504.FILE095.PDS, moved to PDS/UCASEC
2023-04-02 21:32:05.259612 - Found UNSEP.txt (text/plain) in CBT.V504.FILE095.PDS, moved to PDS/UNSEP
2023-04-02 21:32:05.260602 - Found WHEREMEM.txt (text/plain) in CBT.V504.FILE095.PDS, moved to PDS/WHEREMEM
2023-04-02 21:32:05.261585 - Found WHERMEM2.txt (text/plain) in CBT.V504.FILE095.PDS, moved to PDS/WHERMEM2
2023-04-02 21:32:05.262506 - Found WIPEIT.txt (text/plain) in CBT.V504.FILE095.PDS, moved to PDS/WIPEIT
2023-04-02 21:32:05.263461 - Found XCOPY.txt (text/plain) in CBT.V504.FILE095.PDS, moved to PDS/XCOPY
2023-04-02 21:32:05.264516 - Found XSEND.txt (text/plain) in CBT.V504.FILE095.PDS, moved to PDS/XSEND
